c:\users\cemal\source\repos\theccb\sfml-game-engıne\sfml-game-engıne\debug\vc142.pdb
c:\users\cemal\source\repos\theccb\sfml-game-engıne\sfml-game-engıne\debug\vc142.ıdb
c:\users\cemal\source\repos\theccb\sfml-game-engıne\sfml-game-engıne\debug\scene.natıvecodeanalysıs.sarıf
c:\users\cemal\source\repos\theccb\sfml-game-engıne\sfml-game-engıne\debug\scene.natıvecodeanalysıs.xml
c:\users\cemal\source\repos\theccb\sfml-game-engıne\sfml-game-engıne\debug\maın.natıvecodeanalysıs.sarıf
c:\users\cemal\source\repos\theccb\sfml-game-engıne\sfml-game-engıne\debug\maın.natıvecodeanalysıs.xml
c:\users\cemal\source\repos\theccb\sfml-game-engıne\sfml-game-engıne\debug\gameobject.natıvecodeanalysıs.sarıf
c:\users\cemal\source\repos\theccb\sfml-game-engıne\sfml-game-engıne\debug\gameobject.natıvecodeanalysıs.xml
c:\users\cemal\source\repos\theccb\sfml-game-engıne\sfml-game-engıne\debug\game.natıvecodeanalysıs.sarıf
c:\users\cemal\source\repos\theccb\sfml-game-engıne\sfml-game-engıne\debug\game.natıvecodeanalysıs.xml
c:\users\cemal\source\repos\theccb\sfml-game-engıne\sfml-game-engıne\debug\component.natıvecodeanalysıs.sarıf
c:\users\cemal\source\repos\theccb\sfml-game-engıne\sfml-game-engıne\debug\component.natıvecodeanalysıs.xml
c:\users\cemal\source\repos\theccb\sfml-game-engıne\sfml-game-engıne\debug\component.obj
c:\users\cemal\source\repos\theccb\sfml-game-engıne\sfml-game-engıne\debug\game.obj
c:\users\cemal\source\repos\theccb\sfml-game-engıne\sfml-game-engıne\debug\gameobject.obj
c:\users\cemal\source\repos\theccb\sfml-game-engıne\sfml-game-engıne\debug\maın.obj
c:\users\cemal\source\repos\theccb\sfml-game-engıne\sfml-game-engıne\debug\scene.obj
c:\users\cemal\source\repos\theccb\sfml-game-engıne\debug\sfml-game-engıne.ılk
c:\users\cemal\source\repos\theccb\sfml-game-engıne\debug\sfml-game-engıne.exe
c:\users\cemal\source\repos\theccb\sfml-game-engıne\debug\sfml-game-engıne.pdb
c:\users\cemal\source\repos\theccb\sfml-game-engine\sfml-game-engine\debug\component.obj
c:\users\cemal\source\repos\theccb\sfml-game-engine\sfml-game-engine\debug\game.obj
c:\users\cemal\source\repos\theccb\sfml-game-engine\sfml-game-engine\debug\gameobject.obj
c:\users\cemal\source\repos\theccb\sfml-game-engine\sfml-game-engine\debug\main.obj
c:\users\cemal\source\repos\theccb\sfml-game-engine\sfml-game-engine\debug\scene.obj
c:\users\cemal\source\repos\theccb\sfml-game-engine\sfml-game-engine\debug\nativecodeanalysis.read.1.tlog
c:\users\cemal\source\repos\theccb\sfml-game-engine\sfml-game-engine\debug\vc142.idb
c:\users\cemal\source\repos\theccb\sfml-game-engine\sfml-game-engine\debug\vc142.pdb
c:\users\cemal\source\repos\theccb\sfml-game-engine\sfml-game-engine\debug\component.nativecodeanalysis.xml
c:\users\cemal\source\repos\theccb\sfml-game-engine\sfml-game-engine\debug\game.nativecodeanalysis.xml
c:\users\cemal\source\repos\theccb\sfml-game-engine\sfml-game-engine\debug\gameobject.nativecodeanalysis.xml
c:\users\cemal\source\repos\theccb\sfml-game-engine\sfml-game-engine\debug\main.nativecodeanalysis.xml
c:\users\cemal\source\repos\theccb\sfml-game-engine\sfml-game-engine\debug\scene.nativecodeanalysis.xml
c:\users\cemal\source\repos\theccb\sfml-game-engine\sfml-game-engine\debug\vc.nativecodeanalysis.all.xml
c:\users\cemal\source\repos\theccb\sfml-game-engine\debug\sfml-game-engine.pdb
c:\users\cemal\source\repos\theccb\sfml-game-engine\debug\sfml-game-engine.exe
c:\users\cemal\source\repos\theccb\sfml-game-engine\debug\sfml-game-engine.ilk
c:\users\cemal\source\repos\theccb\sfml-game-engine\debug\sfml-game-engine.exe.lastcodeanalysissucceeded
c:\users\cemal\source\repos\theccb\sfml-game-engine\sfml-game-engine\debug\sfml-game-engine.tlog\cl.command.1.tlog
c:\users\cemal\source\repos\theccb\sfml-game-engine\sfml-game-engine\debug\sfml-game-engine.tlog\cl.read.1.tlog
c:\users\cemal\source\repos\theccb\sfml-game-engine\sfml-game-engine\debug\sfml-game-engine.tlog\cl.write.1.tlog
c:\users\cemal\source\repos\theccb\sfml-game-engine\sfml-game-engine\debug\sfml-game-engine.tlog\link.command.1.tlog
c:\users\cemal\source\repos\theccb\sfml-game-engine\sfml-game-engine\debug\sfml-game-engine.tlog\link.read.1.tlog
c:\users\cemal\source\repos\theccb\sfml-game-engine\sfml-game-engine\debug\sfml-game-engine.tlog\link.write.1.tlog
