c:\users\cemal\source\repos\theccb\sfml-game-engıne\sfml-game-engıne\x64\debug\vc142.pdb
c:\users\cemal\source\repos\theccb\sfml-game-engıne\sfml-game-engıne\x64\debug\vc142.ıdb
c:\users\cemal\source\repos\theccb\sfml-game-engıne\sfml-game-engıne\x64\debug\scene.natıvecodeanalysıs.sarıf
c:\users\cemal\source\repos\theccb\sfml-game-engıne\sfml-game-engıne\x64\debug\scene.natıvecodeanalysıs.xml
c:\users\cemal\source\repos\theccb\sfml-game-engıne\sfml-game-engıne\x64\debug\gameobject.natıvecodeanalysıs.sarıf
c:\users\cemal\source\repos\theccb\sfml-game-engıne\sfml-game-engıne\x64\debug\gameobject.natıvecodeanalysıs.xml
c:\users\cemal\source\repos\theccb\sfml-game-engıne\sfml-game-engıne\x64\debug\game.natıvecodeanalysıs.sarıf
c:\users\cemal\source\repos\theccb\sfml-game-engıne\sfml-game-engıne\x64\debug\game.natıvecodeanalysıs.xml
c:\users\cemal\source\repos\theccb\sfml-game-engıne\sfml-game-engıne\x64\debug\game.obj
c:\users\cemal\source\repos\theccb\sfml-game-engıne\sfml-game-engıne\x64\debug\gameobject.obj
c:\users\cemal\source\repos\theccb\sfml-game-engıne\sfml-game-engıne\x64\debug\scene.obj
c:\users\cemal\source\repos\theccb\sfml-game-engine\sfml-game-engine\x64\debug\game.obj
c:\users\cemal\source\repos\theccb\sfml-game-engine\sfml-game-engine\x64\debug\gameobject.obj
c:\users\cemal\source\repos\theccb\sfml-game-engine\sfml-game-engine\x64\debug\scene.obj
c:\users\cemal\source\repos\theccb\sfml-game-engine\sfml-game-engine\x64\debug\vc142.idb
c:\users\cemal\source\repos\theccb\sfml-game-engine\sfml-game-engine\x64\debug\vc142.pdb
c:\users\cemal\source\repos\theccb\sfml-game-engine\sfml-game-engine\x64\debug\game.nativecodeanalysis.xml
c:\users\cemal\source\repos\theccb\sfml-game-engine\sfml-game-engine\x64\debug\gameobject.nativecodeanalysis.xml
c:\users\cemal\source\repos\theccb\sfml-game-engine\sfml-game-engine\x64\debug\scene.nativecodeanalysis.xml
c:\users\cemal\source\repos\theccb\sfml-game-engine\sfml-game-engine\x64\debug\sfml-game-engine.tlog\cl.command.1.tlog
c:\users\cemal\source\repos\theccb\sfml-game-engine\sfml-game-engine\x64\debug\sfml-game-engine.tlog\cl.read.1.tlog
c:\users\cemal\source\repos\theccb\sfml-game-engine\sfml-game-engine\x64\debug\sfml-game-engine.tlog\cl.write.1.tlog
